[+] Containers:
 |- [+] Container: /Game/FirstPerson/Maps/FirstPersonMap
 |   |- [+] ActorDescs:
 |   |   |- Guid:038DE6D44C47659E21B2029809912F18 BaseClass: NativeClass:/Script/Engine.StaticMeshActor Name:StaticMeshActor_UAID_004E0199CE0D76DF01_2125458464 Label:Box21 SpatiallyLoaded:1 Bounds:IsValid=true, Min=(X=5229.315 Y=826.459 Z=260.000), Max=(X=5409.263 Y=1318.624 Z=344.663) RuntimeGrid:None EditorOnly:0 RuntimeOnly:0 HLODRelevant:0
 |   |   |- Guid:03CA4FF2428DDF2484302C88C3BED3A5 BaseClass: NativeClass:/Script/Engine.StaticMeshActor Name:StaticMeshActor_UAID_004E0199CE0D75DF01_1394214258 Label:Box SpatiallyLoaded:1 Bounds:IsValid=true, Min=(X=2995.892 Y=139.521 Z=64.154), Max=(X=4038.441 Y=1046.931 Z=320.501) RuntimeGrid:None EditorOnly:0 RuntimeOnly:0 HLODRelevant:0
 |   |   |- Guid:04593F8448ACFE8CE99AD58F1A353742 BaseClass: NativeClass:/Script/Engine.StaticMeshActor Name:StaticMeshActor_UAID_004E0199CE0D76DF01_1286454439 Label:Box2 SpatiallyLoaded:1 Bounds:IsValid=true, Min=(X=5121.115 Y=1146.696 Z=400.000), Max=(X=5393.048 Y=1367.329 Z=404.000) RuntimeGrid:None EditorOnly:0 RuntimeOnly:0 HLODRelevant:0
 |   |   |- Guid:0629707546031C4E65B720B48BCF4B47 BaseClass: NativeClass:/Script/Engine.StaticMeshActor Name:StaticMeshActor_UAID_004E0199CE0D76DF01_1496462442 Label:Stairs2 SpatiallyLoaded:1 Bounds:IsValid=true, Min=(X=5079.316 Y=1047.265 Z=80.000), Max=(X=5200.684 Y=1232.735 Z=253.326) RuntimeGrid:None EditorOnly:0 RuntimeOnly:0 HLODRelevant:0
 |   |   |- Guid:073220174303CD4F26FDAEB94BB69826 BaseClass: NativeClass:/Script/Engine.StaticMeshActor Name:StaticMeshActor_UAID_004E0199CE0D74DF01_1103434068 Label:Torus3 SpatiallyLoaded:1 Bounds:IsValid=true, Min=(X=1281.539 Y=1321.395 Z=100.000), Max=(X=2818.461 Y=2858.605 Z=137.472) RuntimeGrid:None EditorOnly:0 RuntimeOnly:0 HLODRelevant:0
 |   |   |- Guid:08CAAB604E034CED94C14CB3A2EE5078 BaseClass: NativeClass:/Script/Engine.StaticMeshActor Name:StaticMeshActor_UAID_004E0199CE0D75DF01_1207592256 Label:Extrude2 SpatiallyLoaded:1 Bounds:IsValid=true, Min=(X=4290.000 Y=1470.000 Z=0.000), Max=(X=5550.000 Y=2110.000 Z=340.000) RuntimeGrid:None EditorOnly:0 RuntimeOnly:0 HLODRelevant:0
 |   |   |- Guid:0C9D942D40F4876AE1BA0580925A32DA BaseClass: NativeClass:/Script/Engine.StaticMeshActor Name:StaticMeshActor_UAID_004E0199CE0D77DF01_1155875647 Label:Cylinder5 SpatiallyLoaded:1 Bounds:IsValid=true, Min=(X=2929.991 Y=495.817 Z=96.394), Max=(X=3043.277 Y=609.587 Z=309.005) RuntimeGrid:None EditorOnly:0 RuntimeOnly:0 HLODRelevant:0
 |   |   |- Guid:137C68454C86FD536487F58D902F4824 BaseClass: NativeClass:/Script/Engine.StaticMeshActor Name:StaticMeshActor_UAID_004E0199CE0D77DF01_1170547648 Label:Cylinder6 SpatiallyLoaded:1 Bounds:IsValid=true, Min=(X=3149.511 Y=105.776 Z=83.406), Max=(X=3262.797 Y=219.546 Z=296.017) RuntimeGrid:None EditorOnly:0 RuntimeOnly:0 HLODRelevant:0
 |   |   |- Guid:13E3F87F43AC142B8EFC99A7A172680E BaseClass: NativeClass:/Script/Engine.StaticMeshActor Name:StaticMeshActor_UAID_004E0199CE0D76DF01_1767781453 Label:Box10 SpatiallyLoaded:1 Bounds:IsValid=true, Min=(X=5146.873 Y=1284.778 Z=430.000), Max=(X=5393.127 Y=1375.222 Z=514.663) RuntimeGrid:None EditorOnly:0 RuntimeOnly:0 HLODRelevant:0
 |   |   |- Guid:15589137489DDEA6066DB6AEF7AD9E91 BaseClass: NativeClass:/Script/Engine.StaticMeshActor Name:StaticMeshActor_UAID_004E0199CE0D77DF01_1143406645 Label:Cylinder4 SpatiallyLoaded:1 Bounds:IsValid=true, Min=(X=3254.464 Y=1454.032 Z=9.426), Max=(X=3367.750 Y=1567.802 Z=222.037) RuntimeGrid:None EditorOnly:0 RuntimeOnly:0 HLODRelevant:0
 |   |   |- Guid:184B57DD49F5B2CA2CE31EB369932D0F BaseClass: NativeClass:/Script/Engine.StaticMeshActor Name:StaticMeshActor_UAID_004E0199CE0D76DF01_1566743444 Label:Box4 SpatiallyLoaded:1 Bounds:IsValid=true, Min=(X=4805.383 Y=2392.466 Z=400.000), Max=(X=4954.617 Y=2627.534 Z=404.000) RuntimeGrid:None EditorOnly:0 RuntimeOnly:0 HLODRelevant:0
 |   |   |- Guid:21EA793342426278B4DE8186E366B5F2 BaseClass: NativeClass:/Script/Engine.StaticMeshActor Name:StaticMeshActor_UAID_004E0199CE0D76DF01_1661847448 Label:Box6 SpatiallyLoaded:1 Bounds:IsValid=true, Min=(X=5157.183 Y=1367.183 Z=100.000), Max=(X=5182.817 Y=1392.817 Z=624.570) RuntimeGrid:None EditorOnly:0 RuntimeOnly:0 HLODRelevant:0
 |   |   |- Guid:244BE9FB49B771D72CCE50A4CE726E71 BaseClass: NativeClass:/Script/Engine.StaticMeshActor Name:StaticMeshActor_UAID_004E0199CE0D76DF01_1180051436 Label:Torus4 SpatiallyLoaded:1 Bounds:IsValid=true, Min=(X=3724.276 Y=-442.717 Z=233.861), Max=(X=4155.724 Y=1.722 Z=418.003) RuntimeGrid:None EditorOnly:0 RuntimeOnly:0 HLODRelevant:0
 |   |   |- Guid:260287C84C55AECBCB4F89A1454E2D22 BaseClass: NativeClass:/Script/Engine.StaticMeshActor Name:StaticMeshActor_UAID_004E0199CE0D74DF01_1771606074 Label:Extrude5 SpatiallyLoaded:1 Bounds:IsValid=true, Min=(X=2284.930 Y=603.784 Z=-140.000), Max=(X=3290.643 Y=1597.543 Z=200.000) RuntimeGrid:None EditorOnly:0 RuntimeOnly:0 HLODRelevant:0
 |   |   |- Guid:2DB2339940EEA9E290C8368703619A27 BaseClass: NativeClass:/Script/Engine.StaticMeshActor Name:StaticMeshActor_UAID_004E0199CE0D76DF01_1138936435 Label:Cylinder SpatiallyLoaded:1 Bounds:IsValid=true, Min=(X=3790.000 Y=-417.881 Z=-55.124), Max=(X=4090.000 Y=-71.872 Z=290.886) RuntimeGrid:None EditorOnly:0 RuntimeOnly:0 HLODRelevant:0
 |   |   |- Guid:2E356F1C45298A065BB9A78E21134D68 BaseClass: NativeClass:/Script/Landscape.LandscapeStreamingProxy Name:LandscapeStreamingProxy_ES7KMRJ0DXL87QVDS324NL9H9_126_0_1_0 Label:LandscapeStreamingProxy_0_1_0 SpatiallyLoaded:1 Bounds:IsValid=true, Min=(X=-4336.000 Y=-928.000 Z=0.000), Max=(X=-1438.000 Y=1970.000 Z=200.000) RuntimeGrid:None EditorOnly:0 RuntimeOnly:0 HLODRelevant:1
 |   |   |- Guid:2EBD723B41A73FF172764FBCFF5B8253 BaseClass: NativeClass:/Script/Engine.StaticMeshActor Name:StaticMeshActor_UAID_004E0199CE0D77DF01_1193941649 Label:Cylinder7 SpatiallyLoaded:1 Bounds:IsValid=true, Min=(X=1138.564 Y=-449.288 Z=138.837), Max=(X=1251.850 Y=-335.518 Z=351.448) RuntimeGrid:None EditorOnly:0 RuntimeOnly:0 HLODRelevant:0
 |   |   |- Guid:3CBC4C344966DC6DD135F1AE5EECE4C1 BaseClass: NativeClass:/Script/Engine.StaticMeshActor Name:StaticMeshActor_UAID_004E0199CE0D76DF01_1566744445 Label:Stairs3 SpatiallyLoaded:1 Bounds:IsValid=true, Min=(X=4643.337 Y=2396.964 Z=230.000), Max=(X=4816.663 Y=2463.036 Z=403.326) RuntimeGrid:None EditorOnly:0 RuntimeOnly:0 HLODRelevant:0
 |   |   |- Guid:41E8AA7F41D3C52D96EE30BD649C32FF BaseClass: NativeClass:/Script/Landscape.LandscapeStreamingProxy Name:LandscapeStreamingProxy_ES7KMRJ0DXL87QVDS324NL9H9_126_0_0_0 Label:LandscapeStreamingProxy_0_0_0 SpatiallyLoaded:1 Bounds:IsValid=true, Min=(X=-4336.000 Y=-3826.000 Z=0.000), Max=(X=-1438.000 Y=-928.000 Z=200.000) RuntimeGrid:None EditorOnly:0 RuntimeOnly:0 HLODRelevant:1
 |   |   |- Guid:45807EFC49741D7191504A85E603EF8A BaseClass: NativeClass:/Script/Engine.StaticMeshActor Name:StaticMeshActor_UAID_004E0199CE0D76DF01_1686730450 Label:Box8 SpatiallyLoaded:1 Bounds:IsValid=true, Min=(X=5216.580 Y=833.763 Z=100.000), Max=(X=5242.214 Y=859.397 Z=624.570) RuntimeGrid:None EditorOnly:0 RuntimeOnly:0 HLODRelevant:0
 |   |   |- Guid:498E42D046D9925F801454BB51820EE3 BaseClass: NativeClass:/Script/Engine.StaticMeshActor Name:StaticMeshActor_UAID_004E0199CE0D74DF01_1822070075 Label:Extrude6 SpatiallyLoaded:1 Bounds:IsValid=true, Min=(X=3020.772 Y=-1180.907 Z=-140.000), Max=(X=3630.590 Y=167.066 Z=200.000) RuntimeGrid:None EditorOnly:0 RuntimeOnly:0 HLODRelevant:0
 |   |   |- Guid:4A9CCDD040A6797B3BFD64B76E4BB98E BaseClass: NativeClass:/Script/Landscape.LandscapeStreamingProxy Name:LandscapeStreamingProxy_ES7KMRJ0DXL87QVDS324NL9H9_126_1_2_0 Label:LandscapeStreamingProxy_1_2_0 SpatiallyLoaded:1 Bounds:IsValid=true, Min=(X=-1438.000 Y=1970.000 Z=0.000), Max=(X=1460.000 Y=4868.000 Z=200.000) RuntimeGrid:None EditorOnly:0 RuntimeOnly:0 HLODRelevant:1
 |   |   |- Guid:4B155CAA44D7F155D2C2B5B7E04D20E5 BaseClass: NativeClass:/Script/Engine.StaticMeshActor Name:StaticMeshActor_UAID_004E0199CE0D76DF01_1478928441 Label:Box3 SpatiallyLoaded:1 Bounds:IsValid=true, Min=(X=5015.089 Y=855.392 Z=250.000), Max=(X=5287.021 Y=1076.024 Z=254.000) RuntimeGrid:None EditorOnly:0 RuntimeOnly:0 HLODRelevant:0
 |   |   |- Guid:4CDFCAAC40C5B59C33E871A3DAA9BE8B BaseClass: NativeClass:/Script/Engine.StaticMeshActor Name:StaticMeshActor_UAID_004E0199CE0D76DF01_1188203438 Label:Torus6 SpatiallyLoaded:1 Bounds:IsValid=true, Min=(X=3852.138 Y=-296.358 Z=421.931), Max=(X=4067.862 Y=-74.139 Z=514.002) RuntimeGrid:None EditorOnly:0 RuntimeOnly:0 HLODRelevant:0
 |   |   |- Guid:5949A06D459DA75B716727848CFD269D BaseClass: NativeClass:/Script/Engine.StaticMeshActor Name:StaticMeshActor_UAID_004E0199CE0D74DF01_2096403078 Label:Extrude9 SpatiallyLoaded:1 Bounds:IsValid=true, Min=(X=3365.417 Y=979.861 Z=-20.000), Max=(X=3800.417 Y=1489.861 Z=235.000) RuntimeGrid:None EditorOnly:0 RuntimeOnly:0 HLODRelevant:0
 |   |   |- Guid:59C83F0D4B4872E064CF1EAADD0DAF74 BaseClass: NativeClass:/Script/Engine.StaticMeshActor Name:StaticMeshActor_UAID_004E0199CE0D76DF01_1423256440 Label:Stairs SpatiallyLoaded:1 Bounds:IsValid=true, Min=(X=5220.270 Y=995.962 Z=230.000), Max=(X=5341.638 Y=1181.432 Z=403.326) RuntimeGrid:None EditorOnly:0 RuntimeOnly:0 HLODRelevant:0
 |   |   |- Guid:5BF989D54087920DB633B5A7AB332731 BaseClass: NativeClass:/Script/Engine.StaticMeshActor Name:StaticMeshActor_UAID_004E0199CE0D76DF01_1800510455 Label:Box12 SpatiallyLoaded:1 Bounds:IsValid=true, Min=(X=5000.026 Y=903.918 Z=430.000), Max=(X=5179.974 Y=1396.082 Z=514.663) RuntimeGrid:None EditorOnly:0 RuntimeOnly:0 HLODRelevant:0
 |   |   |- Guid:5FE7584649BB6F09265329A6C57CFD0D BaseClass: NativeClass:/Script/Engine.VolumetricCloud Name:VolumetricCloud_0 Label:VolumetricCloud SpatiallyLoaded:0 Bounds:IsValid=true, Min=(X=0.000 Y=0.000 Z=820.000), Max=(X=0.000 Y=0.000 Z=820.000) RuntimeGrid:None EditorOnly:0 RuntimeOnly:0 HLODRelevant:0 FolderPath:Lighting FolderGuid:0BA5F0A04EADB18E70D5B180D08FA34B
 |   |   |- Guid:61391D344900612A77DFC3BA3E354907 BaseClass: NativeClass:/Script/Engine.ExponentialHeightFog Name:ExponentialHeightFog_0 Label:ExponentialHeightFog SpatiallyLoaded:0 Bounds:IsValid=true, Min=(X=-5600.000 Y=-50.000 Z=-6850.000), Max=(X=-5600.000 Y=-50.000 Z=-6850.000) RuntimeGrid:None EditorOnly:0 RuntimeOnly:0 HLODRelevant:0 FolderPath:Lighting FolderGuid:0BA5F0A04EADB18E70D5B180D08FA34B
 |   |   |- Guid:618165094E84AE504055D2B3363E948F BaseClass: NativeClass:/Script/Landscape.LandscapeStreamingProxy Name:LandscapeStreamingProxy_ES7KMRJ0DXL87QVDS324NL9H9_126_3_0_0 Label:LandscapeStreamingProxy_3_0_0 SpatiallyLoaded:1 Bounds:IsValid=true, Min=(X=4358.000 Y=-3826.000 Z=0.000), Max=(X=7256.000 Y=-928.000 Z=200.000) RuntimeGrid:None EditorOnly:0 RuntimeOnly:0 HLODRelevant:1
 |   |   |- Guid:67A31CD14549D6E7C3213D80ED6B4E30 BaseClass: NativeClass:/Script/Engine.StaticMeshActor Name:StaticMeshActor_UAID_004E0199CE0D74DF01_1701590073 Label:Extrude4 SpatiallyLoaded:1 Bounds:IsValid=true, Min=(X=2299.999 Y=-1310.000 Z=-90.000), Max=(X=2770.000 Y=1170.000 Z=340.002) RuntimeGrid:None EditorOnly:0 RuntimeOnly:0 HLODRelevant:0
 |   |   |- Guid:6CFA03604CF3246C2318749D3387192E BaseClass: NativeClass:/Script/Engine.StaticMeshActor Name:StaticMeshActor_UAID_004E0199CE0D74DF01_2048106077 Label:Extrude8 SpatiallyLoaded:1 Bounds:IsValid=true, Min=(X=3869.650 Y=-225.614 Z=-140.000), Max=(X=4836.402 Y=603.240 Z=200.000) RuntimeGrid:None EditorOnly:0 RuntimeOnly:0 HLODRelevant:0
 |   |   |- Guid:6E10BECC448145CC5FBC72BEAE7E4853 BaseClass: NativeClass:/Script/Engine.StaticMeshActor Name:StaticMeshActor_UAID_004E0199CE0D76DF01_2078959460 Label:Box17 SpatiallyLoaded:1 Bounds:IsValid=true, Min=(X=5161.386 Y=1291.060 Z=530.000), Max=(X=5407.639 Y=1381.504 Z=551.166) RuntimeGrid:None EditorOnly:0 RuntimeOnly:0 HLODRelevant:0
 |   |   |- Guid:6F4E80DD4ED8FA73FDEA91B944676B00 BaseClass: NativeClass:/Script/Engine.StaticMeshActor Name:StaticMeshActor_UAID_004E0199CE0D75DF01_1292834257 Label:Extrude10 SpatiallyLoaded:1 Bounds:IsValid=true, Min=(X=3750.000 Y=1590.000 Z=-90.000), Max=(X=4090.000 Y=2040.000 Z=250.000) RuntimeGrid:None EditorOnly:0 RuntimeOnly:0 HLODRelevant:0
 |   |   |- Guid:6FEFB3BD4EB37B849EF0D4AC80F83855 BaseClass: NativeClass:/Script/Engine.WorldDataLayers Name:WorldDataLayers Label:WorldDataLayers SpatiallyLoaded:0 Bounds:IsValid=true, Min=(X=0.000 Y=0.000 Z=0.000), Max=(X=0.000 Y=0.000 Z=0.000) RuntimeGrid:None EditorOnly:0 RuntimeOnly:0 HLODRelevant:0
 |   |   |- Guid:7167E0B24D573112604B1D88F5FEC461 BaseClass: NativeClass:/Script/Engine.StaticMeshActor Name:StaticMeshActor_UAID_004E0199CE0D74DF01_1561724072 Label:Extrude3 SpatiallyLoaded:1 Bounds:IsValid=true, Min=(X=1440.000 Y=-890.000 Z=-90.000), Max=(X=2250.000 Y=1420.000 Z=420.000) RuntimeGrid:None EditorOnly:0 RuntimeOnly:0 HLODRelevant:0
 |   |   |- Guid:72FF07774089652B502A4AA03D51E54E BaseClass: NativeClass:/Script/Landscape.LandscapeStreamingProxy Name:LandscapeStreamingProxy_ES7KMRJ0DXL87QVDS324NL9H9_126_2_3_0 Label:LandscapeStreamingProxy_2_3_0 SpatiallyLoaded:1 Bounds:IsValid=true, Min=(X=1460.000 Y=4868.000 Z=0.000), Max=(X=4358.000 Y=7766.000 Z=200.000) RuntimeGrid:None EditorOnly:0 RuntimeOnly:0 HLODRelevant:1
 |   |   |- Guid:7330715F4FADBD979C38E48867320046 BaseClass: NativeClass:/Script/Engine.StaticMeshActor Name:StaticMeshActor_UAID_004E0199CE0D76DF01_2024385456 Label:Box13 SpatiallyLoaded:1 Bounds:IsValid=true, Min=(X=5222.735 Y=825.856 Z=430.000), Max=(X=5402.683 Y=1318.020 Z=514.663) RuntimeGrid:None EditorOnly:0 RuntimeOnly:0 HLODRelevant:0
 |   |   |- Guid:779F55E943F8115F9DF2B1BBA7F13091 BaseClass: NativeClass:/Script/Engine.StaticMeshActor Name:StaticMeshActor_UAID_004E0199CE0D74DF01_1865346076 Label:Extrude7 SpatiallyLoaded:1 Bounds:IsValid=true, Min=(X=4440.000 Y=360.000 Z=-90.000), Max=(X=5100.000 Y=1120.000 Z=250.000) RuntimeGrid:None EditorOnly:0 RuntimeOnly:0 HLODRelevant:0
 |   |   |- Guid:7D230A414005F33487FF0E8DF00E3BA2 BaseClass: NativeClass:/Script/Landscape.LandscapeStreamingProxy Name:LandscapeStreamingProxy_ES7KMRJ0DXL87QVDS324NL9H9_126_3_2_0 Label:LandscapeStreamingProxy_3_2_0 SpatiallyLoaded:1 Bounds:IsValid=true, Min=(X=4358.000 Y=1970.000 Z=0.000), Max=(X=7256.000 Y=4868.000 Z=200.000) RuntimeGrid:None EditorOnly:0 RuntimeOnly:0 HLODRelevant:1
 |   |   |- Guid:8002A12B4057D0167484199CF123AEF5 BaseClass: NativeClass:/Script/Landscape.LandscapeStreamingProxy Name:LandscapeStreamingProxy_ES7KMRJ0DXL87QVDS324NL9H9_126_3_3_0 Label:LandscapeStreamingProxy_3_3_0 SpatiallyLoaded:1 Bounds:IsValid=true, Min=(X=4358.000 Y=4868.000 Z=0.000), Max=(X=7256.000 Y=7766.000 Z=200.000) RuntimeGrid:None EditorOnly:0 RuntimeOnly:0 HLODRelevant:1
 |   |   |- Guid:835D1A3B41DDA4B6E61697AC1EF73034 BaseClass: NativeClass:/Script/Landscape.LandscapeStreamingProxy Name:LandscapeStreamingProxy_ES7KMRJ0DXL87QVDS324NL9H9_126_2_2_0 Label:LandscapeStreamingProxy_2_2_0 SpatiallyLoaded:1 Bounds:IsValid=true, Min=(X=1460.000 Y=1970.000 Z=0.000), Max=(X=4358.000 Y=4868.000 Z=200.000) RuntimeGrid:None EditorOnly:0 RuntimeOnly:0 HLODRelevant:1
 |   |   |- Guid:84C8E857401C7F58719BF39AD6A55689 BaseClass: NativeClass:/Script/Engine.StaticMeshActor Name:StaticMeshActor_UAID_004E0199CE0D76DF01_2138387465 Label:Box22 SpatiallyLoaded:1 Bounds:IsValid=true, Min=(X=5013.185 Y=905.124 Z=380.000), Max=(X=5193.134 Y=1397.288 Z=401.166) RuntimeGrid:None EditorOnly:0 RuntimeOnly:0 HLODRelevant:0
 |   |   |- Guid:85EE333945E146ED4EA01EA77948FC50 BaseClass: NativeClass:/Script/Engine.StaticMeshActor Name:StaticMeshActor_UAID_004E0199CE0D76DF01_1696768451 Label:Box9 SpatiallyLoaded:1 Bounds:IsValid=true, Min=(X=4988.992 Y=917.443 Z=100.000), Max=(X=5014.626 Y=943.078 Z=624.570) RuntimeGrid:None EditorOnly:0 RuntimeOnly:0 HLODRelevant:0
 |   |   |- Guid:8BE106334A287112319CBA91B59DD8EE BaseClass: NativeClass:/Script/Engine.StaticMeshActor Name:StaticMeshActor_UAID_004E0199CE0D76DF01_2070448459 Label:Box16 SpatiallyLoaded:1 Bounds:IsValid=true, Min=(X=5006.873 Y=854.778 Z=530.000), Max=(X=5253.127 Y=945.222 Z=551.166) RuntimeGrid:None EditorOnly:0 RuntimeOnly:0 HLODRelevant:0
 |   |   |- Guid:8CFF82B247C44F74F78701944F4DF544 BaseClass: NativeClass:/Script/Engine.StaticMeshActor Name:StaticMeshActor_UAID_004E0199CE0D76DF01_2114767463 Label:Box20 SpatiallyLoaded:1 Bounds:IsValid=true, Min=(X=5156.873 Y=1294.778 Z=250.000), Max=(X=5403.127 Y=1385.222 Z=334.663) RuntimeGrid:None EditorOnly:0 RuntimeOnly:0 HLODRelevant:0
 |   |   |- Guid:94606FA549BBAE3C3C5F098CED7838FA BaseClass: NativeClass:/Script/Landscape.LandscapeStreamingProxy Name:LandscapeStreamingProxy_ES7KMRJ0DXL87QVDS324NL9H9_126_0_3_0 Label:LandscapeStreamingProxy_0_3_0 SpatiallyLoaded:1 Bounds:IsValid=true, Min=(X=-4336.000 Y=4868.000 Z=0.000), Max=(X=-1438.000 Y=7766.000 Z=200.000) RuntimeGrid:None EditorOnly:0 RuntimeOnly:0 HLODRelevant:1
 |   |   |- Guid:97D8F62B4E99A9CEF3797EBE1C89AAA1 BaseClass: NativeClass:/Script/Engine.StaticMeshActor Name:StaticMeshActor_UAID_004E0199CE0D76DF01_1182151437 Label:Torus5 SpatiallyLoaded:1 Bounds:IsValid=true, Min=(X=3788.207 Y=-379.538 Z=332.896), Max=(X=4111.793 Y=-46.209 Z=471.002) RuntimeGrid:None EditorOnly:0 RuntimeOnly:0 HLODRelevant:0
 |   |   |- Guid:9CC993724A0C04D3C612BF9A18DD732F BaseClass: NativeClass:/Script/Engine.StaticMeshActor Name:StaticMeshActor_UAID_004E0199CE0D77DF01_1204862650 Label:Cylinder8 SpatiallyLoaded:1 Bounds:IsValid=true, Min=(X=859.226 Y=-1176.252 Z=69.066), Max=(X=972.513 Y=-1062.482 Z=281.678) RuntimeGrid:None EditorOnly:0 RuntimeOnly:0 HLODRelevant:0
 |   |   |- Guid:A354B1B24E617A525DC6B48CCDE2417E BaseClass: NativeClass:/Script/Engine.PlayerStart Name:PlayerStart_0 Label:PlayerStart SpatiallyLoaded:0 Bounds:IsValid=true, Min=(X=4820.000 Y=1320.000 Z=590.013), Max=(X=4900.000 Y=1400.000 Z=774.013) RuntimeGrid:None EditorOnly:0 RuntimeOnly:0 HLODRelevant:0
 |   |   |- Guid:A5E1E221479DD82E78896699FF50AFC2 BaseClass: NativeClass:/Script/Landscape.LandscapeStreamingProxy Name:LandscapeStreamingProxy_ES7KMRJ0DXL87QVDS324NL9H9_126_1_0_0 Label:LandscapeStreamingProxy_1_0_0 SpatiallyLoaded:1 Bounds:IsValid=true, Min=(X=-1438.000 Y=-3826.000 Z=0.000), Max=(X=1460.000 Y=-928.000 Z=266.406) RuntimeGrid:None EditorOnly:0 RuntimeOnly:0 HLODRelevant:1
 |   |   |- Guid:AB04065143D1907CEAC7718E0003D3F9 BaseClass: NativeClass:/Script/Landscape.LandscapeStreamingProxy Name:LandscapeStreamingProxy_ES7KMRJ0DXL87QVDS324NL9H9_126_2_1_0 Label:LandscapeStreamingProxy_2_1_0 SpatiallyLoaded:1 Bounds:IsValid=true, Min=(X=1460.000 Y=-928.000 Z=-109.375), Max=(X=4358.000 Y=1970.000 Z=246.094) RuntimeGrid:None EditorOnly:0 RuntimeOnly:0 HLODRelevant:1
 |   |   |- Guid:ADF27C8A40F92E11131B7F962CB89F1D BaseClass: NativeClass:/Script/Engine.StaticMeshActor Name:StaticMeshActor_UAID_004E0199CE0D76DF01_1769311454 Label:Box11 SpatiallyLoaded:1 Bounds:IsValid=true, Min=(X=4996.873 Y=844.778 Z=430.000), Max=(X=5243.127 Y=935.222 Z=514.663) RuntimeGrid:None EditorOnly:0 RuntimeOnly:0 HLODRelevant:0
 |   |   |- Guid:AFBD8CF142C49143C8052FB7F4E40A4F BaseClass: NativeClass:/Script/Landscape.LandscapeStreamingProxy Name:LandscapeStreamingProxy_ES7KMRJ0DXL87QVDS324NL9H9_126_2_0_0 Label:LandscapeStreamingProxy_2_0_0 SpatiallyLoaded:1 Bounds:IsValid=true, Min=(X=1460.000 Y=-3826.000 Z=0.000), Max=(X=4358.000 Y=-928.000 Z=275.781) RuntimeGrid:None EditorOnly:0 RuntimeOnly:0 HLODRelevant:1
 |   |   |- Guid:B0369C0946DEFDCA6D882AB29C8C8FD6 BaseClass: NativeClass:/Script/Engine.StaticMeshActor Name:StaticMeshActor_UAID_004E0199CE0D76DF01_1566745447 Label:Stairs4 SpatiallyLoaded:1 Bounds:IsValid=true, Min=(X=4643.337 Y=2546.964 Z=80.000), Max=(X=4816.663 Y=2613.036 Z=253.326) RuntimeGrid:None EditorOnly:0 RuntimeOnly:0 HLODRelevant:0
 |   |   |- Guid:B211DFCC42263357DC6A07A72674C38C BaseClass: NativeClass:/Script/Engine.StaticMeshActor Name:StaticMeshActor_UAID_004E0199CE0D76DF01_2108637462 Label:Box19 SpatiallyLoaded:1 Bounds:IsValid=true, Min=(X=5006.873 Y=854.778 Z=250.000), Max=(X=5253.127 Y=945.222 Z=334.663) RuntimeGrid:None EditorOnly:0 RuntimeOnly:0 HLODRelevant:0
 |   |   |- Guid:B42F5A70432BDE5FD66062B6E321C6B8 BaseClass: NativeClass:/Script/Engine.StaticMeshActor Name:StaticMeshActor_UAID_004E0199CE0D76DF01_2044337457 Label:Box14 SpatiallyLoaded:1 Bounds:IsValid=true, Min=(X=5006.606 Y=904.521 Z=530.000), Max=(X=5186.554 Y=1396.685 Z=551.166) RuntimeGrid:None EditorOnly:0 RuntimeOnly:0 HLODRelevant:0
 |   |   |- Guid:BDAEF53C46AAC41E04BB90A3DB8D5747 BaseClass: NativeClass:/Script/Landscape.LandscapeStreamingProxy Name:LandscapeStreamingProxy_ES7KMRJ0DXL87QVDS324NL9H9_126_0_2_0 Label:LandscapeStreamingProxy_0_2_0 SpatiallyLoaded:1 Bounds:IsValid=true, Min=(X=-4336.000 Y=1970.000 Z=0.000), Max=(X=-1438.000 Y=4868.000 Z=200.000) RuntimeGrid:None EditorOnly:0 RuntimeOnly:0 HLODRelevant:1
 |   |   |- Guid:BE2F62684561060519CEE7A24C7E830E BaseClass: NativeClass:/Script/Engine.StaticMeshActor Name:StaticMeshActor_UAID_004E0199CE0D76DF01_2058107458 Label:Box15 SpatiallyLoaded:1 Bounds:IsValid=true, Min=(X=5223.338 Y=839.277 Z=530.000), Max=(X=5403.286 Y=1331.441 Z=551.166) RuntimeGrid:None EditorOnly:0 RuntimeOnly:0 HLODRelevant:0
 |   |   |- Guid:C0C56B9644AE3D40CAFF6A878DB29844 BaseClass: NativeClass:/Script/Engine.StaticMeshActor Name:StaticMeshActor_UAID_A4AE111137DC5EFB00_2001720423 Label:SM_SkySphere SpatiallyLoaded:0 Bounds:IsValid=true, Min=(X=-1638400.000 Y=-1638400.000 Z=-1638400.000), Max=(X=1638400.000 Y=1638400.000 Z=1638400.000) RuntimeGrid:None EditorOnly:0 RuntimeOnly:0 HLODRelevant:1 FolderPath:Lighting FolderGuid:0BA5F0A04EADB18E70D5B180D08FA34B
 |   |   |- Guid:C22CE07C4B87D685137FDBBC10FC92C6 BaseClass: NativeClass:/Script/Engine.SkyAtmosphere Name:SkyAtmosphere_0 Label:SkyAtmosphere SpatiallyLoaded:0 Bounds:IsValid=true, Min=(X=0.000 Y=0.000 Z=1020.000), Max=(X=0.000 Y=0.000 Z=1020.000) RuntimeGrid:None EditorOnly:0 RuntimeOnly:0 HLODRelevant:0 FolderPath:Lighting FolderGuid:0BA5F0A04EADB18E70D5B180D08FA34B
 |   |   |- Guid:C5E3DBA04A72EFDE7C281881DB90EC3B BaseClass: NativeClass:/Script/Engine.StaticMeshActor Name:StaticMeshActor_UAID_004E0199CE0D73DF01_1795966888 Label:Torus SpatiallyLoaded:1 Bounds:IsValid=true, Min=(X=-2580.766 Y=-2541.633 Z=100.000), Max=(X=6640.766 Y=6681.633 Z=324.835) RuntimeGrid:None EditorOnly:0 RuntimeOnly:0 HLODRelevant:0
 |   |   |- Guid:C6B948B74198FDBD1E271FBC6E6739C1 BaseClass: NativeClass:/Script/Engine.StaticMeshActor Name:StaticMeshActor_UAID_004E0199CE0D76DF01_1566745446 Label:Box5 SpatiallyLoaded:1 Bounds:IsValid=true, Min=(X=4495.383 Y=2392.466 Z=250.000), Max=(X=4644.617 Y=2627.534 Z=254.000) RuntimeGrid:None EditorOnly:0 RuntimeOnly:0 HLODRelevant:0
 |   |   |- Guid:CA45197640B9055BC0B8909BDE432A9D BaseClass: NativeClass:/Script/Engine.StaticMeshActor Name:StaticMeshActor_UAID_004E0199CE0D77DF01_1133223643 Label:Cylinder2 SpatiallyLoaded:1 Bounds:IsValid=true, Min=(X=4006.600 Y=566.344 Z=93.236), Max=(X=4119.886 Y=680.114 Z=305.847) RuntimeGrid:None EditorOnly:0 RuntimeOnly:0 HLODRelevant:0
 |   |   |- Guid:CB67F9794EE18DB285BD1387F773BD3C BaseClass: NativeClass:/Script/Landscape.LandscapeStreamingProxy Name:LandscapeStreamingProxy_ES7KMRJ0DXL87QVDS324NL9H9_126_3_1_0 Label:LandscapeStreamingProxy_3_1_0 SpatiallyLoaded:1 Bounds:IsValid=true, Min=(X=4358.000 Y=-928.000 Z=0.000), Max=(X=7256.000 Y=1970.000 Z=200.000) RuntimeGrid:None EditorOnly:0 RuntimeOnly:0 HLODRelevant:1
 |   |   |- Guid:CE8D82634660FCDB3120E2B8D547C533 BaseClass: NativeClass:/Script/Engine.PostProcessVolume Name:PostProcessVolume_0 Label:PostProcessVolume SpatiallyLoaded:0 Bounds:IsValid=true, Min=(X=0.000 Y=0.000 Z=400.000), Max=(X=200.000 Y=200.000 Z=600.000) RuntimeGrid:None EditorOnly:0 RuntimeOnly:0 HLODRelevant:0 FolderPath:Lighting FolderGuid:0BA5F0A04EADB18E70D5B180D08FA34B
 |   |   |- Guid:CFB3691741E3BCFCACE892AFEB8C89C2 BaseClass: NativeClass:/Script/Engine.StaticMeshActor Name:StaticMeshActor_UAID_004E0199CE0D76DF01_1663199449 Label:Box7 SpatiallyLoaded:1 Bounds:IsValid=true, Min=(X=5377.183 Y=1287.183 Z=100.000), Max=(X=5402.817 Y=1312.817 Z=624.570) RuntimeGrid:None EditorOnly:0 RuntimeOnly:0 HLODRelevant:0
 |   |   |- Guid:CFBC157B47D3EA3F870F759589A4D85A BaseClass: NativeClass:/Script/Engine.StaticMeshActor Name:StaticMeshActor_UAID_004E0199CE0D77DF01_1134213644 Label:Cylinder3 SpatiallyLoaded:1 Bounds:IsValid=true, Min=(X=3767.171 Y=926.684 Z=100.134), Max=(X=3880.457 Y=1040.454 Z=312.745) RuntimeGrid:None EditorOnly:0 RuntimeOnly:0 HLODRelevant:0
 |   |   |- Guid:D5DC5AF9459422291E20EB9461B0CBAB BaseClass: NativeClass:/Script/Engine.StaticMeshActor Name:StaticMeshActor_UAID_004E0199CE0D76DF01_2092993461 Label:Box18 SpatiallyLoaded:1 Bounds:IsValid=true, Min=(X=5014.663 Y=926.658 Z=260.000), Max=(X=5082.731 Y=1111.434 Z=344.663) RuntimeGrid:None EditorOnly:0 RuntimeOnly:0 HLODRelevant:0
 |   |   |- Guid:DA476B3242F4C98911A2BEAD04ECB9E3 BaseClass: NativeClass:/Script/Landscape.LandscapeStreamingProxy Name:LandscapeStreamingProxy_ES7KMRJ0DXL87QVDS324NL9H9_126_1_1_0 Label:LandscapeStreamingProxy_1_1_0 SpatiallyLoaded:1 Bounds:IsValid=true, Min=(X=-1438.000 Y=-928.000 Z=0.000), Max=(X=1460.000 Y=1970.000 Z=237.500) RuntimeGrid:None EditorOnly:0 RuntimeOnly:0 HLODRelevant:1
 |   |   |- Guid:E140B5724BCE8DCFECB569BF951F92F7 BaseClass: NativeClass:/Script/Engine.StaticMeshActor Name:StaticMeshActor_UAID_004E0199CE0D75DF01_1154640255 Label:Extrude SpatiallyLoaded:1 Bounds:IsValid=true, Min=(X=2680.000 Y=1910.000 Z=0.000), Max=(X=4090.000 Y=2130.000 Z=340.000) RuntimeGrid:None EditorOnly:0 RuntimeOnly:0 HLODRelevant:0
 |   |   |- Guid:E5320C1B4FD9764CE7B54D8487AEC613 BaseClass: NativeClass:/Script/Engine.SkyLight Name:SkyLight_0 Label:SkyLight SpatiallyLoaded:0 Bounds:IsValid=true, Min=(X=0.000 Y=0.000 Z=690.000), Max=(X=0.000 Y=0.000 Z=690.000) RuntimeGrid:None EditorOnly:0 RuntimeOnly:0 HLODRelevant:0 FolderPath:Lighting FolderGuid:0BA5F0A04EADB18E70D5B180D08FA34B
 |   |   |- Guid:E944FFA44C2A3036AEB015902CBAFF4A BaseClass: NativeClass:/Script/Landscape.LandscapeStreamingProxy Name:LandscapeStreamingProxy_ES7KMRJ0DXL87QVDS324NL9H9_126_1_3_0 Label:LandscapeStreamingProxy_1_3_0 SpatiallyLoaded:1 Bounds:IsValid=true, Min=(X=-1438.000 Y=4868.000 Z=0.000), Max=(X=1460.000 Y=7766.000 Z=200.000) RuntimeGrid:None EditorOnly:0 RuntimeOnly:0 HLODRelevant:1
 |   |   |- Guid:EB575261428C8C2FBCA05F846CA48BD9 BaseClass: NativeClass:/Script/Engine.StaticMeshActor Name:StaticMeshActor_UAID_004E0199CE0D73DF01_1811126889 Label:Torus2 SpatiallyLoaded:1 Bounds:IsValid=true, Min=(X=-1546.151 Y=-1506.825 Z=100.000), Max=(X=5626.151 Y=5666.825 Z=274.872) RuntimeGrid:None EditorOnly:0 RuntimeOnly:0 HLODRelevant:0
 |   |   |- Guid:EE66F4454A4A9F99393F559AB739C05E BaseClass:/Game/FirstPerson/Blueprints/BP_Pickup_Rifle.BP_Pickup_Rifle_C NativeClass:/Script/Engine.Actor Name:BP_Rifle_C_1 Label:BP_Pickup_Rifle SpatiallyLoaded:1 Bounds:IsValid=true, Min=(X=1378.000 Y=818.000 Z=64.000), Max=(X=1442.000 Y=907.440 Z=128.000) RuntimeGrid:None EditorOnly:0 RuntimeOnly:0 HLODRelevant:0
 |   |   |- Guid:F80621C9446867154938FE81375207DA BaseClass: NativeClass:/Script/Engine.DirectionalLight Name:DirectionalLight_1 Label:DirectionalLight SpatiallyLoaded:0 Bounds:IsValid=true, Min=(X=-1048576.000 Y=-1048576.000 Z=-1048576.000), Max=(X=1048576.000 Y=1048576.000 Z=1048576.000) RuntimeGrid:None EditorOnly:0 RuntimeOnly:0 HLODRelevant:0 FolderPath:Lighting FolderGuid:0BA5F0A04EADB18E70D5B180D08FA34B
 |   |   |- Guid:FC103329453523B5620BE491FB5827E3 BaseClass: NativeClass:/Script/Landscape.Landscape Name:Landscape_UAID_004E0199CE0D74DF01_1077910067 Label:Landscape SpatiallyLoaded:0 Bounds:IsValid=true, Min=(X=-4336.000 Y=-3826.000 Z=100.000), Max=(X=-4336.000 Y=-3826.000 Z=100.000) RuntimeGrid:None EditorOnly:0 RuntimeOnly:0 HLODRelevant:0
 |   |- [+] Clusters:
 |   |   |- [+] [  0]
 |   |   |   |- Guid:13E3F87F43AC142B8EFC99A7A172680E BaseClass: NativeClass:/Script/Engine.StaticMeshActor Name:StaticMeshActor_UAID_004E0199CE0D76DF01_1767781453 Label:Box10 SpatiallyLoaded:1 Bounds:IsValid=true, Min=(X=5146.873 Y=1284.778 Z=430.000), Max=(X=5393.127 Y=1375.222 Z=514.663) RuntimeGrid:None EditorOnly:0 RuntimeOnly:0 HLODRelevant:0
 |   |   |- [+] [  1]
 |   |   |   |- Guid:61391D344900612A77DFC3BA3E354907 BaseClass: NativeClass:/Script/Engine.ExponentialHeightFog Name:ExponentialHeightFog_0 Label:ExponentialHeightFog SpatiallyLoaded:0 Bounds:IsValid=true, Min=(X=-5600.000 Y=-50.000 Z=-6850.000), Max=(X=-5600.000 Y=-50.000 Z=-6850.000) RuntimeGrid:None EditorOnly:0 RuntimeOnly:0 HLODRelevant:0 FolderPath:Lighting FolderGuid:0BA5F0A04EADB18E70D5B180D08FA34B
 |   |   |- [+] [  2]
 |   |   |   |- Guid:85EE333945E146ED4EA01EA77948FC50 BaseClass: NativeClass:/Script/Engine.StaticMeshActor Name:StaticMeshActor_UAID_004E0199CE0D76DF01_1696768451 Label:Box9 SpatiallyLoaded:1 Bounds:IsValid=true, Min=(X=4988.992 Y=917.443 Z=100.000), Max=(X=5014.626 Y=943.078 Z=624.570) RuntimeGrid:None EditorOnly:0 RuntimeOnly:0 HLODRelevant:0
 |   |   |- [+] [  3]
 |   |   |   |- Guid:45807EFC49741D7191504A85E603EF8A BaseClass: NativeClass:/Script/Engine.StaticMeshActor Name:StaticMeshActor_UAID_004E0199CE0D76DF01_1686730450 Label:Box8 SpatiallyLoaded:1 Bounds:IsValid=true, Min=(X=5216.580 Y=833.763 Z=100.000), Max=(X=5242.214 Y=859.397 Z=624.570) RuntimeGrid:None EditorOnly:0 RuntimeOnly:0 HLODRelevant:0
 |   |   |- [+] [  4]
 |   |   |   |- Guid:5FE7584649BB6F09265329A6C57CFD0D BaseClass: NativeClass:/Script/Engine.VolumetricCloud Name:VolumetricCloud_0 Label:VolumetricCloud SpatiallyLoaded:0 Bounds:IsValid=true, Min=(X=0.000 Y=0.000 Z=820.000), Max=(X=0.000 Y=0.000 Z=820.000) RuntimeGrid:None EditorOnly:0 RuntimeOnly:0 HLODRelevant:0 FolderPath:Lighting FolderGuid:0BA5F0A04EADB18E70D5B180D08FA34B
 |   |   |- [+] [  5]
 |   |   |   |- Guid:F80621C9446867154938FE81375207DA BaseClass: NativeClass:/Script/Engine.DirectionalLight Name:DirectionalLight_1 Label:DirectionalLight SpatiallyLoaded:0 Bounds:IsValid=true, Min=(X=-1048576.000 Y=-1048576.000 Z=-1048576.000), Max=(X=1048576.000 Y=1048576.000 Z=1048576.000) RuntimeGrid:None EditorOnly:0 RuntimeOnly:0 HLODRelevant:0 FolderPath:Lighting FolderGuid:0BA5F0A04EADB18E70D5B180D08FA34B
 |   |   |- [+] [  6]
 |   |   |   |- Guid:CFB3691741E3BCFCACE892AFEB8C89C2 BaseClass: NativeClass:/Script/Engine.StaticMeshActor Name:StaticMeshActor_UAID_004E0199CE0D76DF01_1663199449 Label:Box7 SpatiallyLoaded:1 Bounds:IsValid=true, Min=(X=5377.183 Y=1287.183 Z=100.000), Max=(X=5402.817 Y=1312.817 Z=624.570) RuntimeGrid:None EditorOnly:0 RuntimeOnly:0 HLODRelevant:0
 |   |   |- [+] [  7]
 |   |   |   |- Guid:21EA793342426278B4DE8186E366B5F2 BaseClass: NativeClass:/Script/Engine.StaticMeshActor Name:StaticMeshActor_UAID_004E0199CE0D76DF01_1661847448 Label:Box6 SpatiallyLoaded:1 Bounds:IsValid=true, Min=(X=5157.183 Y=1367.183 Z=100.000), Max=(X=5182.817 Y=1392.817 Z=624.570) RuntimeGrid:None EditorOnly:0 RuntimeOnly:0 HLODRelevant:0
 |   |   |- [+] [  8]
 |   |   |   |- Guid:B0369C0946DEFDCA6D882AB29C8C8FD6 BaseClass: NativeClass:/Script/Engine.StaticMeshActor Name:StaticMeshActor_UAID_004E0199CE0D76DF01_1566745447 Label:Stairs4 SpatiallyLoaded:1 Bounds:IsValid=true, Min=(X=4643.337 Y=2546.964 Z=80.000), Max=(X=4816.663 Y=2613.036 Z=253.326) RuntimeGrid:None EditorOnly:0 RuntimeOnly:0 HLODRelevant:0
 |   |   |- [+] [  9]
 |   |   |   |- Guid:C6B948B74198FDBD1E271FBC6E6739C1 BaseClass: NativeClass:/Script/Engine.StaticMeshActor Name:StaticMeshActor_UAID_004E0199CE0D76DF01_1566745446 Label:Box5 SpatiallyLoaded:1 Bounds:IsValid=true, Min=(X=4495.383 Y=2392.466 Z=250.000), Max=(X=4644.617 Y=2627.534 Z=254.000) RuntimeGrid:None EditorOnly:0 RuntimeOnly:0 HLODRelevant:0
 |   |   |- [+] [ 10]
 |   |   |   |- Guid:3CBC4C344966DC6DD135F1AE5EECE4C1 BaseClass: NativeClass:/Script/Engine.StaticMeshActor Name:StaticMeshActor_UAID_004E0199CE0D76DF01_1566744445 Label:Stairs3 SpatiallyLoaded:1 Bounds:IsValid=true, Min=(X=4643.337 Y=2396.964 Z=230.000), Max=(X=4816.663 Y=2463.036 Z=403.326) RuntimeGrid:None EditorOnly:0 RuntimeOnly:0 HLODRelevant:0
 |   |   |- [+] [ 11]
 |   |   |   |- Guid:184B57DD49F5B2CA2CE31EB369932D0F BaseClass: NativeClass:/Script/Engine.StaticMeshActor Name:StaticMeshActor_UAID_004E0199CE0D76DF01_1566743444 Label:Box4 SpatiallyLoaded:1 Bounds:IsValid=true, Min=(X=4805.383 Y=2392.466 Z=400.000), Max=(X=4954.617 Y=2627.534 Z=404.000) RuntimeGrid:None EditorOnly:0 RuntimeOnly:0 HLODRelevant:0
 |   |   |- [+] [ 12]
 |   |   |   |- Guid:0629707546031C4E65B720B48BCF4B47 BaseClass: NativeClass:/Script/Engine.StaticMeshActor Name:StaticMeshActor_UAID_004E0199CE0D76DF01_1496462442 Label:Stairs2 SpatiallyLoaded:1 Bounds:IsValid=true, Min=(X=5079.316 Y=1047.265 Z=80.000), Max=(X=5200.684 Y=1232.735 Z=253.326) RuntimeGrid:None EditorOnly:0 RuntimeOnly:0 HLODRelevant:0
 |   |   |- [+] [ 13]
 |   |   |   |- Guid:4B155CAA44D7F155D2C2B5B7E04D20E5 BaseClass: NativeClass:/Script/Engine.StaticMeshActor Name:StaticMeshActor_UAID_004E0199CE0D76DF01_1478928441 Label:Box3 SpatiallyLoaded:1 Bounds:IsValid=true, Min=(X=5015.089 Y=855.392 Z=250.000), Max=(X=5287.021 Y=1076.024 Z=254.000) RuntimeGrid:None EditorOnly:0 RuntimeOnly:0 HLODRelevant:0
 |   |   |- [+] [ 14]
 |   |   |   |- Guid:59C83F0D4B4872E064CF1EAADD0DAF74 BaseClass: NativeClass:/Script/Engine.StaticMeshActor Name:StaticMeshActor_UAID_004E0199CE0D76DF01_1423256440 Label:Stairs SpatiallyLoaded:1 Bounds:IsValid=true, Min=(X=5220.270 Y=995.962 Z=230.000), Max=(X=5341.638 Y=1181.432 Z=403.326) RuntimeGrid:None EditorOnly:0 RuntimeOnly:0 HLODRelevant:0
 |   |   |- [+] [ 15]
 |   |   |   |- Guid:EE66F4454A4A9F99393F559AB739C05E BaseClass:/Game/FirstPerson/Blueprints/BP_Pickup_Rifle.BP_Pickup_Rifle_C NativeClass:/Script/Engine.Actor Name:BP_Rifle_C_1 Label:BP_Pickup_Rifle SpatiallyLoaded:1 Bounds:IsValid=true, Min=(X=1378.000 Y=818.000 Z=64.000), Max=(X=1442.000 Y=907.440 Z=128.000) RuntimeGrid:None EditorOnly:0 RuntimeOnly:0 HLODRelevant:0
 |   |   |- [+] [ 16]
 |   |   |   |- Guid:04593F8448ACFE8CE99AD58F1A353742 BaseClass: NativeClass:/Script/Engine.StaticMeshActor Name:StaticMeshActor_UAID_004E0199CE0D76DF01_1286454439 Label:Box2 SpatiallyLoaded:1 Bounds:IsValid=true, Min=(X=5121.115 Y=1146.696 Z=400.000), Max=(X=5393.048 Y=1367.329 Z=404.000) RuntimeGrid:None EditorOnly:0 RuntimeOnly:0 HLODRelevant:0
 |   |   |- [+] [ 17]
 |   |   |   |- Guid:E5320C1B4FD9764CE7B54D8487AEC613 BaseClass: NativeClass:/Script/Engine.SkyLight Name:SkyLight_0 Label:SkyLight SpatiallyLoaded:0 Bounds:IsValid=true, Min=(X=0.000 Y=0.000 Z=690.000), Max=(X=0.000 Y=0.000 Z=690.000) RuntimeGrid:None EditorOnly:0 RuntimeOnly:0 HLODRelevant:0 FolderPath:Lighting FolderGuid:0BA5F0A04EADB18E70D5B180D08FA34B
 |   |   |- [+] [ 18]
 |   |   |   |- Guid:4CDFCAAC40C5B59C33E871A3DAA9BE8B BaseClass: NativeClass:/Script/Engine.StaticMeshActor Name:StaticMeshActor_UAID_004E0199CE0D76DF01_1188203438 Label:Torus6 SpatiallyLoaded:1 Bounds:IsValid=true, Min=(X=3852.138 Y=-296.358 Z=421.931), Max=(X=4067.862 Y=-74.139 Z=514.002) RuntimeGrid:None EditorOnly:0 RuntimeOnly:0 HLODRelevant:0
 |   |   |- [+] [ 19]
 |   |   |   |- Guid:97D8F62B4E99A9CEF3797EBE1C89AAA1 BaseClass: NativeClass:/Script/Engine.StaticMeshActor Name:StaticMeshActor_UAID_004E0199CE0D76DF01_1182151437 Label:Torus5 SpatiallyLoaded:1 Bounds:IsValid=true, Min=(X=3788.207 Y=-379.538 Z=332.896), Max=(X=4111.793 Y=-46.209 Z=471.002) RuntimeGrid:None EditorOnly:0 RuntimeOnly:0 HLODRelevant:0
 |   |   |- [+] [ 20]
 |   |   |   |- Guid:244BE9FB49B771D72CCE50A4CE726E71 BaseClass: NativeClass:/Script/Engine.StaticMeshActor Name:StaticMeshActor_UAID_004E0199CE0D76DF01_1180051436 Label:Torus4 SpatiallyLoaded:1 Bounds:IsValid=true, Min=(X=3724.276 Y=-442.717 Z=233.861), Max=(X=4155.724 Y=1.722 Z=418.003) RuntimeGrid:None EditorOnly:0 RuntimeOnly:0 HLODRelevant:0
 |   |   |- [+] [ 21]
 |   |   |   |- Guid:2DB2339940EEA9E290C8368703619A27 BaseClass: NativeClass:/Script/Engine.StaticMeshActor Name:StaticMeshActor_UAID_004E0199CE0D76DF01_1138936435 Label:Cylinder SpatiallyLoaded:1 Bounds:IsValid=true, Min=(X=3790.000 Y=-417.881 Z=-55.124), Max=(X=4090.000 Y=-71.872 Z=290.886) RuntimeGrid:None EditorOnly:0 RuntimeOnly:0 HLODRelevant:0
 |   |   |- [+] [ 22]
 |   |   |   |- Guid:03CA4FF2428DDF2484302C88C3BED3A5 BaseClass: NativeClass:/Script/Engine.StaticMeshActor Name:StaticMeshActor_UAID_004E0199CE0D75DF01_1394214258 Label:Box SpatiallyLoaded:1 Bounds:IsValid=true, Min=(X=2995.892 Y=139.521 Z=64.154), Max=(X=4038.441 Y=1046.931 Z=320.501) RuntimeGrid:None EditorOnly:0 RuntimeOnly:0 HLODRelevant:0
 |   |   |- [+] [ 23]
 |   |   |   |- Guid:6F4E80DD4ED8FA73FDEA91B944676B00 BaseClass: NativeClass:/Script/Engine.StaticMeshActor Name:StaticMeshActor_UAID_004E0199CE0D75DF01_1292834257 Label:Extrude10 SpatiallyLoaded:1 Bounds:IsValid=true, Min=(X=3750.000 Y=1590.000 Z=-90.000), Max=(X=4090.000 Y=2040.000 Z=250.000) RuntimeGrid:None EditorOnly:0 RuntimeOnly:0 HLODRelevant:0
 |   |   |- [+] [ 24]
 |   |   |   |- Guid:08CAAB604E034CED94C14CB3A2EE5078 BaseClass: NativeClass:/Script/Engine.StaticMeshActor Name:StaticMeshActor_UAID_004E0199CE0D75DF01_1207592256 Label:Extrude2 SpatiallyLoaded:1 Bounds:IsValid=true, Min=(X=4290.000 Y=1470.000 Z=0.000), Max=(X=5550.000 Y=2110.000 Z=340.000) RuntimeGrid:None EditorOnly:0 RuntimeOnly:0 HLODRelevant:0
 |   |   |- [+] [ 25]
 |   |   |   |- Guid:E140B5724BCE8DCFECB569BF951F92F7 BaseClass: NativeClass:/Script/Engine.StaticMeshActor Name:StaticMeshActor_UAID_004E0199CE0D75DF01_1154640255 Label:Extrude SpatiallyLoaded:1 Bounds:IsValid=true, Min=(X=2680.000 Y=1910.000 Z=0.000), Max=(X=4090.000 Y=2130.000 Z=340.000) RuntimeGrid:None EditorOnly:0 RuntimeOnly:0 HLODRelevant:0
 |   |   |- [+] [ 26]
 |   |   |   |- Guid:5949A06D459DA75B716727848CFD269D BaseClass: NativeClass:/Script/Engine.StaticMeshActor Name:StaticMeshActor_UAID_004E0199CE0D74DF01_2096403078 Label:Extrude9 SpatiallyLoaded:1 Bounds:IsValid=true, Min=(X=3365.417 Y=979.861 Z=-20.000), Max=(X=3800.417 Y=1489.861 Z=235.000) RuntimeGrid:None EditorOnly:0 RuntimeOnly:0 HLODRelevant:0
 |   |   |- [+] [ 27]
 |   |   |   |- Guid:6CFA03604CF3246C2318749D3387192E BaseClass: NativeClass:/Script/Engine.StaticMeshActor Name:StaticMeshActor_UAID_004E0199CE0D74DF01_2048106077 Label:Extrude8 SpatiallyLoaded:1 Bounds:IsValid=true, Min=(X=3869.650 Y=-225.614 Z=-140.000), Max=(X=4836.402 Y=603.240 Z=200.000) RuntimeGrid:None EditorOnly:0 RuntimeOnly:0 HLODRelevant:0
 |   |   |- [+] [ 28]
 |   |   |   |- Guid:779F55E943F8115F9DF2B1BBA7F13091 BaseClass: NativeClass:/Script/Engine.StaticMeshActor Name:StaticMeshActor_UAID_004E0199CE0D74DF01_1865346076 Label:Extrude7 SpatiallyLoaded:1 Bounds:IsValid=true, Min=(X=4440.000 Y=360.000 Z=-90.000), Max=(X=5100.000 Y=1120.000 Z=250.000) RuntimeGrid:None EditorOnly:0 RuntimeOnly:0 HLODRelevant:0
 |   |   |- [+] [ 29]
 |   |   |   |- Guid:498E42D046D9925F801454BB51820EE3 BaseClass: NativeClass:/Script/Engine.StaticMeshActor Name:StaticMeshActor_UAID_004E0199CE0D74DF01_1822070075 Label:Extrude6 SpatiallyLoaded:1 Bounds:IsValid=true, Min=(X=3020.772 Y=-1180.907 Z=-140.000), Max=(X=3630.590 Y=167.066 Z=200.000) RuntimeGrid:None EditorOnly:0 RuntimeOnly:0 HLODRelevant:0
 |   |   |- [+] [ 30]
 |   |   |   |- Guid:260287C84C55AECBCB4F89A1454E2D22 BaseClass: NativeClass:/Script/Engine.StaticMeshActor Name:StaticMeshActor_UAID_004E0199CE0D74DF01_1771606074 Label:Extrude5 SpatiallyLoaded:1 Bounds:IsValid=true, Min=(X=2284.930 Y=603.784 Z=-140.000), Max=(X=3290.643 Y=1597.543 Z=200.000) RuntimeGrid:None EditorOnly:0 RuntimeOnly:0 HLODRelevant:0
 |   |   |- [+] [ 31]
 |   |   |   |- Guid:67A31CD14549D6E7C3213D80ED6B4E30 BaseClass: NativeClass:/Script/Engine.StaticMeshActor Name:StaticMeshActor_UAID_004E0199CE0D74DF01_1701590073 Label:Extrude4 SpatiallyLoaded:1 Bounds:IsValid=true, Min=(X=2299.999 Y=-1310.000 Z=-90.000), Max=(X=2770.000 Y=1170.000 Z=340.002) RuntimeGrid:None EditorOnly:0 RuntimeOnly:0 HLODRelevant:0
 |   |   |- [+] [ 32]
 |   |   |   |- Guid:7167E0B24D573112604B1D88F5FEC461 BaseClass: NativeClass:/Script/Engine.StaticMeshActor Name:StaticMeshActor_UAID_004E0199CE0D74DF01_1561724072 Label:Extrude3 SpatiallyLoaded:1 Bounds:IsValid=true, Min=(X=1440.000 Y=-890.000 Z=-90.000), Max=(X=2250.000 Y=1420.000 Z=420.000) RuntimeGrid:None EditorOnly:0 RuntimeOnly:0 HLODRelevant:0
 |   |   |- [+] [ 33]
 |   |   |   |- Guid:073220174303CD4F26FDAEB94BB69826 BaseClass: NativeClass:/Script/Engine.StaticMeshActor Name:StaticMeshActor_UAID_004E0199CE0D74DF01_1103434068 Label:Torus3 SpatiallyLoaded:1 Bounds:IsValid=true, Min=(X=1281.539 Y=1321.395 Z=100.000), Max=(X=2818.461 Y=2858.605 Z=137.472) RuntimeGrid:None EditorOnly:0 RuntimeOnly:0 HLODRelevant:0
 |   |   |- [+] [ 34]
 |   |   |   |- Guid:8002A12B4057D0167484199CF123AEF5 BaseClass: NativeClass:/Script/Landscape.LandscapeStreamingProxy Name:LandscapeStreamingProxy_ES7KMRJ0DXL87QVDS324NL9H9_126_3_3_0 Label:LandscapeStreamingProxy_3_3_0 SpatiallyLoaded:1 Bounds:IsValid=true, Min=(X=4358.000 Y=4868.000 Z=0.000), Max=(X=7256.000 Y=7766.000 Z=200.000) RuntimeGrid:None EditorOnly:0 RuntimeOnly:0 HLODRelevant:1
 |   |   |- [+] [ 35]
 |   |   |   |- Guid:72FF07774089652B502A4AA03D51E54E BaseClass: NativeClass:/Script/Landscape.LandscapeStreamingProxy Name:LandscapeStreamingProxy_ES7KMRJ0DXL87QVDS324NL9H9_126_2_3_0 Label:LandscapeStreamingProxy_2_3_0 SpatiallyLoaded:1 Bounds:IsValid=true, Min=(X=1460.000 Y=4868.000 Z=0.000), Max=(X=4358.000 Y=7766.000 Z=200.000) RuntimeGrid:None EditorOnly:0 RuntimeOnly:0 HLODRelevant:1
 |   |   |- [+] [ 36]
 |   |   |   |- Guid:E944FFA44C2A3036AEB015902CBAFF4A BaseClass: NativeClass:/Script/Landscape.LandscapeStreamingProxy Name:LandscapeStreamingProxy_ES7KMRJ0DXL87QVDS324NL9H9_126_1_3_0 Label:LandscapeStreamingProxy_1_3_0 SpatiallyLoaded:1 Bounds:IsValid=true, Min=(X=-1438.000 Y=4868.000 Z=0.000), Max=(X=1460.000 Y=7766.000 Z=200.000) RuntimeGrid:None EditorOnly:0 RuntimeOnly:0 HLODRelevant:1
 |   |   |- [+] [ 37]
 |   |   |   |- Guid:A354B1B24E617A525DC6B48CCDE2417E BaseClass: NativeClass:/Script/Engine.PlayerStart Name:PlayerStart_0 Label:PlayerStart SpatiallyLoaded:0 Bounds:IsValid=true, Min=(X=4820.000 Y=1320.000 Z=590.013), Max=(X=4900.000 Y=1400.000 Z=774.013) RuntimeGrid:None EditorOnly:0 RuntimeOnly:0 HLODRelevant:0
 |   |   |- [+] [ 38]
 |   |   |   |- Guid:94606FA549BBAE3C3C5F098CED7838FA BaseClass: NativeClass:/Script/Landscape.LandscapeStreamingProxy Name:LandscapeStreamingProxy_ES7KMRJ0DXL87QVDS324NL9H9_126_0_3_0 Label:LandscapeStreamingProxy_0_3_0 SpatiallyLoaded:1 Bounds:IsValid=true, Min=(X=-4336.000 Y=4868.000 Z=0.000), Max=(X=-1438.000 Y=7766.000 Z=200.000) RuntimeGrid:None EditorOnly:0 RuntimeOnly:0 HLODRelevant:1
 |   |   |- [+] [ 39]
 |   |   |   |- Guid:7D230A414005F33487FF0E8DF00E3BA2 BaseClass: NativeClass:/Script/Landscape.LandscapeStreamingProxy Name:LandscapeStreamingProxy_ES7KMRJ0DXL87QVDS324NL9H9_126_3_2_0 Label:LandscapeStreamingProxy_3_2_0 SpatiallyLoaded:1 Bounds:IsValid=true, Min=(X=4358.000 Y=1970.000 Z=0.000), Max=(X=7256.000 Y=4868.000 Z=200.000) RuntimeGrid:None EditorOnly:0 RuntimeOnly:0 HLODRelevant:1
 |   |   |- [+] [ 40]
 |   |   |   |- Guid:835D1A3B41DDA4B6E61697AC1EF73034 BaseClass: NativeClass:/Script/Landscape.LandscapeStreamingProxy Name:LandscapeStreamingProxy_ES7KMRJ0DXL87QVDS324NL9H9_126_2_2_0 Label:LandscapeStreamingProxy_2_2_0 SpatiallyLoaded:1 Bounds:IsValid=true, Min=(X=1460.000 Y=1970.000 Z=0.000), Max=(X=4358.000 Y=4868.000 Z=200.000) RuntimeGrid:None EditorOnly:0 RuntimeOnly:0 HLODRelevant:1
 |   |   |- [+] [ 41]
 |   |   |   |- Guid:4A9CCDD040A6797B3BFD64B76E4BB98E BaseClass: NativeClass:/Script/Landscape.LandscapeStreamingProxy Name:LandscapeStreamingProxy_ES7KMRJ0DXL87QVDS324NL9H9_126_1_2_0 Label:LandscapeStreamingProxy_1_2_0 SpatiallyLoaded:1 Bounds:IsValid=true, Min=(X=-1438.000 Y=1970.000 Z=0.000), Max=(X=1460.000 Y=4868.000 Z=200.000) RuntimeGrid:None EditorOnly:0 RuntimeOnly:0 HLODRelevant:1
 |   |   |- [+] [ 42]
 |   |   |   |- Guid:BDAEF53C46AAC41E04BB90A3DB8D5747 BaseClass: NativeClass:/Script/Landscape.LandscapeStreamingProxy Name:LandscapeStreamingProxy_ES7KMRJ0DXL87QVDS324NL9H9_126_0_2_0 Label:LandscapeStreamingProxy_0_2_0 SpatiallyLoaded:1 Bounds:IsValid=true, Min=(X=-4336.000 Y=1970.000 Z=0.000), Max=(X=-1438.000 Y=4868.000 Z=200.000) RuntimeGrid:None EditorOnly:0 RuntimeOnly:0 HLODRelevant:1
 |   |   |- [+] [ 43]
 |   |   |   |- Guid:CB67F9794EE18DB285BD1387F773BD3C BaseClass: NativeClass:/Script/Landscape.LandscapeStreamingProxy Name:LandscapeStreamingProxy_ES7KMRJ0DXL87QVDS324NL9H9_126_3_1_0 Label:LandscapeStreamingProxy_3_1_0 SpatiallyLoaded:1 Bounds:IsValid=true, Min=(X=4358.000 Y=-928.000 Z=0.000), Max=(X=7256.000 Y=1970.000 Z=200.000) RuntimeGrid:None EditorOnly:0 RuntimeOnly:0 HLODRelevant:1
 |   |   |- [+] [ 44]
 |   |   |   |- Guid:AB04065143D1907CEAC7718E0003D3F9 BaseClass: NativeClass:/Script/Landscape.LandscapeStreamingProxy Name:LandscapeStreamingProxy_ES7KMRJ0DXL87QVDS324NL9H9_126_2_1_0 Label:LandscapeStreamingProxy_2_1_0 SpatiallyLoaded:1 Bounds:IsValid=true, Min=(X=1460.000 Y=-928.000 Z=-109.375), Max=(X=4358.000 Y=1970.000 Z=246.094) RuntimeGrid:None EditorOnly:0 RuntimeOnly:0 HLODRelevant:1
 |   |   |- [+] [ 45]
 |   |   |   |- Guid:DA476B3242F4C98911A2BEAD04ECB9E3 BaseClass: NativeClass:/Script/Landscape.LandscapeStreamingProxy Name:LandscapeStreamingProxy_ES7KMRJ0DXL87QVDS324NL9H9_126_1_1_0 Label:LandscapeStreamingProxy_1_1_0 SpatiallyLoaded:1 Bounds:IsValid=true, Min=(X=-1438.000 Y=-928.000 Z=0.000), Max=(X=1460.000 Y=1970.000 Z=237.500) RuntimeGrid:None EditorOnly:0 RuntimeOnly:0 HLODRelevant:1
 |   |   |- [+] [ 46]
 |   |   |   |- Guid:C0C56B9644AE3D40CAFF6A878DB29844 BaseClass: NativeClass:/Script/Engine.StaticMeshActor Name:StaticMeshActor_UAID_A4AE111137DC5EFB00_2001720423 Label:SM_SkySphere SpatiallyLoaded:0 Bounds:IsValid=true, Min=(X=-1638400.000 Y=-1638400.000 Z=-1638400.000), Max=(X=1638400.000 Y=1638400.000 Z=1638400.000) RuntimeGrid:None EditorOnly:0 RuntimeOnly:0 HLODRelevant:1 FolderPath:Lighting FolderGuid:0BA5F0A04EADB18E70D5B180D08FA34B
 |   |   |- [+] [ 47]
 |   |   |   |- Guid:2E356F1C45298A065BB9A78E21134D68 BaseClass: NativeClass:/Script/Landscape.LandscapeStreamingProxy Name:LandscapeStreamingProxy_ES7KMRJ0DXL87QVDS324NL9H9_126_0_1_0 Label:LandscapeStreamingProxy_0_1_0 SpatiallyLoaded:1 Bounds:IsValid=true, Min=(X=-4336.000 Y=-928.000 Z=0.000), Max=(X=-1438.000 Y=1970.000 Z=200.000) RuntimeGrid:None EditorOnly:0 RuntimeOnly:0 HLODRelevant:1
 |   |   |- [+] [ 48]
 |   |   |   |- Guid:C22CE07C4B87D685137FDBBC10FC92C6 BaseClass: NativeClass:/Script/Engine.SkyAtmosphere Name:SkyAtmosphere_0 Label:SkyAtmosphere SpatiallyLoaded:0 Bounds:IsValid=true, Min=(X=0.000 Y=0.000 Z=1020.000), Max=(X=0.000 Y=0.000 Z=1020.000) RuntimeGrid:None EditorOnly:0 RuntimeOnly:0 HLODRelevant:0 FolderPath:Lighting FolderGuid:0BA5F0A04EADB18E70D5B180D08FA34B
 |   |   |- [+] [ 49]
 |   |   |   |- Guid:CE8D82634660FCDB3120E2B8D547C533 BaseClass: NativeClass:/Script/Engine.PostProcessVolume Name:PostProcessVolume_0 Label:PostProcessVolume SpatiallyLoaded:0 Bounds:IsValid=true, Min=(X=0.000 Y=0.000 Z=400.000), Max=(X=200.000 Y=200.000 Z=600.000) RuntimeGrid:None EditorOnly:0 RuntimeOnly:0 HLODRelevant:0 FolderPath:Lighting FolderGuid:0BA5F0A04EADB18E70D5B180D08FA34B
 |   |   |- [+] [ 50]
 |   |   |   |- Guid:618165094E84AE504055D2B3363E948F BaseClass: NativeClass:/Script/Landscape.LandscapeStreamingProxy Name:LandscapeStreamingProxy_ES7KMRJ0DXL87QVDS324NL9H9_126_3_0_0 Label:LandscapeStreamingProxy_3_0_0 SpatiallyLoaded:1 Bounds:IsValid=true, Min=(X=4358.000 Y=-3826.000 Z=0.000), Max=(X=7256.000 Y=-928.000 Z=200.000) RuntimeGrid:None EditorOnly:0 RuntimeOnly:0 HLODRelevant:1
 |   |   |- [+] [ 51]
 |   |   |   |- Guid:6FEFB3BD4EB37B849EF0D4AC80F83855 BaseClass: NativeClass:/Script/Engine.WorldDataLayers Name:WorldDataLayers Label:WorldDataLayers SpatiallyLoaded:0 Bounds:IsValid=true, Min=(X=0.000 Y=0.000 Z=0.000), Max=(X=0.000 Y=0.000 Z=0.000) RuntimeGrid:None EditorOnly:0 RuntimeOnly:0 HLODRelevant:0
 |   |   |- [+] [ 52]
 |   |   |   |- Guid:AFBD8CF142C49143C8052FB7F4E40A4F BaseClass: NativeClass:/Script/Landscape.LandscapeStreamingProxy Name:LandscapeStreamingProxy_ES7KMRJ0DXL87QVDS324NL9H9_126_2_0_0 Label:LandscapeStreamingProxy_2_0_0 SpatiallyLoaded:1 Bounds:IsValid=true, Min=(X=1460.000 Y=-3826.000 Z=0.000), Max=(X=4358.000 Y=-928.000 Z=275.781) RuntimeGrid:None EditorOnly:0 RuntimeOnly:0 HLODRelevant:1
 |   |   |- [+] [ 53]
 |   |   |   |- Guid:A5E1E221479DD82E78896699FF50AFC2 BaseClass: NativeClass:/Script/Landscape.LandscapeStreamingProxy Name:LandscapeStreamingProxy_ES7KMRJ0DXL87QVDS324NL9H9_126_1_0_0 Label:LandscapeStreamingProxy_1_0_0 SpatiallyLoaded:1 Bounds:IsValid=true, Min=(X=-1438.000 Y=-3826.000 Z=0.000), Max=(X=1460.000 Y=-928.000 Z=266.406) RuntimeGrid:None EditorOnly:0 RuntimeOnly:0 HLODRelevant:1
 |   |   |- [+] [ 54]
 |   |   |   |- Guid:41E8AA7F41D3C52D96EE30BD649C32FF BaseClass: NativeClass:/Script/Landscape.LandscapeStreamingProxy Name:LandscapeStreamingProxy_ES7KMRJ0DXL87QVDS324NL9H9_126_0_0_0 Label:LandscapeStreamingProxy_0_0_0 SpatiallyLoaded:1 Bounds:IsValid=true, Min=(X=-4336.000 Y=-3826.000 Z=0.000), Max=(X=-1438.000 Y=-928.000 Z=200.000) RuntimeGrid:None EditorOnly:0 RuntimeOnly:0 HLODRelevant:1
 |   |   |- [+] [ 55]
 |   |   |   |- Guid:FC103329453523B5620BE491FB5827E3 BaseClass: NativeClass:/Script/Landscape.Landscape Name:Landscape_UAID_004E0199CE0D74DF01_1077910067 Label:Landscape SpatiallyLoaded:0 Bounds:IsValid=true, Min=(X=-4336.000 Y=-3826.000 Z=100.000), Max=(X=-4336.000 Y=-3826.000 Z=100.000) RuntimeGrid:None EditorOnly:0 RuntimeOnly:0 HLODRelevant:0
 |   |   |- [+] [ 56]
 |   |   |   |- Guid:EB575261428C8C2FBCA05F846CA48BD9 BaseClass: NativeClass:/Script/Engine.StaticMeshActor Name:StaticMeshActor_UAID_004E0199CE0D73DF01_1811126889 Label:Torus2 SpatiallyLoaded:1 Bounds:IsValid=true, Min=(X=-1546.151 Y=-1506.825 Z=100.000), Max=(X=5626.151 Y=5666.825 Z=274.872) RuntimeGrid:None EditorOnly:0 RuntimeOnly:0 HLODRelevant:0
 |   |   |- [+] [ 57]
 |   |   |   |- Guid:C5E3DBA04A72EFDE7C281881DB90EC3B BaseClass: NativeClass:/Script/Engine.StaticMeshActor Name:StaticMeshActor_UAID_004E0199CE0D73DF01_1795966888 Label:Torus SpatiallyLoaded:1 Bounds:IsValid=true, Min=(X=-2580.766 Y=-2541.633 Z=100.000), Max=(X=6640.766 Y=6681.633 Z=324.835) RuntimeGrid:None EditorOnly:0 RuntimeOnly:0 HLODRelevant:0
 |   |   |- [+] [ 58]
 |   |   |   |- Guid:ADF27C8A40F92E11131B7F962CB89F1D BaseClass: NativeClass:/Script/Engine.StaticMeshActor Name:StaticMeshActor_UAID_004E0199CE0D76DF01_1769311454 Label:Box11 SpatiallyLoaded:1 Bounds:IsValid=true, Min=(X=4996.873 Y=844.778 Z=430.000), Max=(X=5243.127 Y=935.222 Z=514.663) RuntimeGrid:None EditorOnly:0 RuntimeOnly:0 HLODRelevant:0
 |   |   |- [+] [ 59]
 |   |   |   |- Guid:5BF989D54087920DB633B5A7AB332731 BaseClass: NativeClass:/Script/Engine.StaticMeshActor Name:StaticMeshActor_UAID_004E0199CE0D76DF01_1800510455 Label:Box12 SpatiallyLoaded:1 Bounds:IsValid=true, Min=(X=5000.026 Y=903.918 Z=430.000), Max=(X=5179.974 Y=1396.082 Z=514.663) RuntimeGrid:None EditorOnly:0 RuntimeOnly:0 HLODRelevant:0
 |   |   |- [+] [ 60]
 |   |   |   |- Guid:7330715F4FADBD979C38E48867320046 BaseClass: NativeClass:/Script/Engine.StaticMeshActor Name:StaticMeshActor_UAID_004E0199CE0D76DF01_2024385456 Label:Box13 SpatiallyLoaded:1 Bounds:IsValid=true, Min=(X=5222.735 Y=825.856 Z=430.000), Max=(X=5402.683 Y=1318.020 Z=514.663) RuntimeGrid:None EditorOnly:0 RuntimeOnly:0 HLODRelevant:0
 |   |   |- [+] [ 61]
 |   |   |   |- Guid:B42F5A70432BDE5FD66062B6E321C6B8 BaseClass: NativeClass:/Script/Engine.StaticMeshActor Name:StaticMeshActor_UAID_004E0199CE0D76DF01_2044337457 Label:Box14 SpatiallyLoaded:1 Bounds:IsValid=true, Min=(X=5006.606 Y=904.521 Z=530.000), Max=(X=5186.554 Y=1396.685 Z=551.166) RuntimeGrid:None EditorOnly:0 RuntimeOnly:0 HLODRelevant:0
 |   |   |- [+] [ 62]
 |   |   |   |- Guid:BE2F62684561060519CEE7A24C7E830E BaseClass: NativeClass:/Script/Engine.StaticMeshActor Name:StaticMeshActor_UAID_004E0199CE0D76DF01_2058107458 Label:Box15 SpatiallyLoaded:1 Bounds:IsValid=true, Min=(X=5223.338 Y=839.277 Z=530.000), Max=(X=5403.286 Y=1331.441 Z=551.166) RuntimeGrid:None EditorOnly:0 RuntimeOnly:0 HLODRelevant:0
 |   |   |- [+] [ 63]
 |   |   |   |- Guid:8BE106334A287112319CBA91B59DD8EE BaseClass: NativeClass:/Script/Engine.StaticMeshActor Name:StaticMeshActor_UAID_004E0199CE0D76DF01_2070448459 Label:Box16 SpatiallyLoaded:1 Bounds:IsValid=true, Min=(X=5006.873 Y=854.778 Z=530.000), Max=(X=5253.127 Y=945.222 Z=551.166) RuntimeGrid:None EditorOnly:0 RuntimeOnly:0 HLODRelevant:0
 |   |   |- [+] [ 64]
 |   |   |   |- Guid:6E10BECC448145CC5FBC72BEAE7E4853 BaseClass: NativeClass:/Script/Engine.StaticMeshActor Name:StaticMeshActor_UAID_004E0199CE0D76DF01_2078959460 Label:Box17 SpatiallyLoaded:1 Bounds:IsValid=true, Min=(X=5161.386 Y=1291.060 Z=530.000), Max=(X=5407.639 Y=1381.504 Z=551.166) RuntimeGrid:None EditorOnly:0 RuntimeOnly:0 HLODRelevant:0
 |   |   |- [+] [ 65]
 |   |   |   |- Guid:D5DC5AF9459422291E20EB9461B0CBAB BaseClass: NativeClass:/Script/Engine.StaticMeshActor Name:StaticMeshActor_UAID_004E0199CE0D76DF01_2092993461 Label:Box18 SpatiallyLoaded:1 Bounds:IsValid=true, Min=(X=5014.663 Y=926.658 Z=260.000), Max=(X=5082.731 Y=1111.434 Z=344.663) RuntimeGrid:None EditorOnly:0 RuntimeOnly:0 HLODRelevant:0
 |   |   |- [+] [ 66]
 |   |   |   |- Guid:B211DFCC42263357DC6A07A72674C38C BaseClass: NativeClass:/Script/Engine.StaticMeshActor Name:StaticMeshActor_UAID_004E0199CE0D76DF01_2108637462 Label:Box19 SpatiallyLoaded:1 Bounds:IsValid=true, Min=(X=5006.873 Y=854.778 Z=250.000), Max=(X=5253.127 Y=945.222 Z=334.663) RuntimeGrid:None EditorOnly:0 RuntimeOnly:0 HLODRelevant:0
 |   |   |- [+] [ 67]
 |   |   |   |- Guid:8CFF82B247C44F74F78701944F4DF544 BaseClass: NativeClass:/Script/Engine.StaticMeshActor Name:StaticMeshActor_UAID_004E0199CE0D76DF01_2114767463 Label:Box20 SpatiallyLoaded:1 Bounds:IsValid=true, Min=(X=5156.873 Y=1294.778 Z=250.000), Max=(X=5403.127 Y=1385.222 Z=334.663) RuntimeGrid:None EditorOnly:0 RuntimeOnly:0 HLODRelevant:0
 |   |   |- [+] [ 68]
 |   |   |   |- Guid:038DE6D44C47659E21B2029809912F18 BaseClass: NativeClass:/Script/Engine.StaticMeshActor Name:StaticMeshActor_UAID_004E0199CE0D76DF01_2125458464 Label:Box21 SpatiallyLoaded:1 Bounds:IsValid=true, Min=(X=5229.315 Y=826.459 Z=260.000), Max=(X=5409.263 Y=1318.624 Z=344.663) RuntimeGrid:None EditorOnly:0 RuntimeOnly:0 HLODRelevant:0
 |   |   |- [+] [ 69]
 |   |   |   |- Guid:84C8E857401C7F58719BF39AD6A55689 BaseClass: NativeClass:/Script/Engine.StaticMeshActor Name:StaticMeshActor_UAID_004E0199CE0D76DF01_2138387465 Label:Box22 SpatiallyLoaded:1 Bounds:IsValid=true, Min=(X=5013.185 Y=905.124 Z=380.000), Max=(X=5193.134 Y=1397.288 Z=401.166) RuntimeGrid:None EditorOnly:0 RuntimeOnly:0 HLODRelevant:0
 |   |   |- [+] [ 70]
 |   |   |   |- Guid:CA45197640B9055BC0B8909BDE432A9D BaseClass: NativeClass:/Script/Engine.StaticMeshActor Name:StaticMeshActor_UAID_004E0199CE0D77DF01_1133223643 Label:Cylinder2 SpatiallyLoaded:1 Bounds:IsValid=true, Min=(X=4006.600 Y=566.344 Z=93.236), Max=(X=4119.886 Y=680.114 Z=305.847) RuntimeGrid:None EditorOnly:0 RuntimeOnly:0 HLODRelevant:0
 |   |   |- [+] [ 71]
 |   |   |   |- Guid:CFBC157B47D3EA3F870F759589A4D85A BaseClass: NativeClass:/Script/Engine.StaticMeshActor Name:StaticMeshActor_UAID_004E0199CE0D77DF01_1134213644 Label:Cylinder3 SpatiallyLoaded:1 Bounds:IsValid=true, Min=(X=3767.171 Y=926.684 Z=100.134), Max=(X=3880.457 Y=1040.454 Z=312.745) RuntimeGrid:None EditorOnly:0 RuntimeOnly:0 HLODRelevant:0
 |   |   |- [+] [ 72]
 |   |   |   |- Guid:15589137489DDEA6066DB6AEF7AD9E91 BaseClass: NativeClass:/Script/Engine.StaticMeshActor Name:StaticMeshActor_UAID_004E0199CE0D77DF01_1143406645 Label:Cylinder4 SpatiallyLoaded:1 Bounds:IsValid=true, Min=(X=3254.464 Y=1454.032 Z=9.426), Max=(X=3367.750 Y=1567.802 Z=222.037) RuntimeGrid:None EditorOnly:0 RuntimeOnly:0 HLODRelevant:0
 |   |   |- [+] [ 73]
 |   |   |   |- Guid:0C9D942D40F4876AE1BA0580925A32DA BaseClass: NativeClass:/Script/Engine.StaticMeshActor Name:StaticMeshActor_UAID_004E0199CE0D77DF01_1155875647 Label:Cylinder5 SpatiallyLoaded:1 Bounds:IsValid=true, Min=(X=2929.991 Y=495.817 Z=96.394), Max=(X=3043.277 Y=609.587 Z=309.005) RuntimeGrid:None EditorOnly:0 RuntimeOnly:0 HLODRelevant:0
 |   |   |- [+] [ 74]
 |   |   |   |- Guid:137C68454C86FD536487F58D902F4824 BaseClass: NativeClass:/Script/Engine.StaticMeshActor Name:StaticMeshActor_UAID_004E0199CE0D77DF01_1170547648 Label:Cylinder6 SpatiallyLoaded:1 Bounds:IsValid=true, Min=(X=3149.511 Y=105.776 Z=83.406), Max=(X=3262.797 Y=219.546 Z=296.017) RuntimeGrid:None EditorOnly:0 RuntimeOnly:0 HLODRelevant:0
 |   |   |- [+] [ 75]
 |   |   |   |- Guid:2EBD723B41A73FF172764FBCFF5B8253 BaseClass: NativeClass:/Script/Engine.StaticMeshActor Name:StaticMeshActor_UAID_004E0199CE0D77DF01_1193941649 Label:Cylinder7 SpatiallyLoaded:1 Bounds:IsValid=true, Min=(X=1138.564 Y=-449.288 Z=138.837), Max=(X=1251.850 Y=-335.518 Z=351.448) RuntimeGrid:None EditorOnly:0 RuntimeOnly:0 HLODRelevant:0
 |   |   |- [+] [ 76]
 |   |   |   |- Guid:9CC993724A0C04D3C612BF9A18DD732F BaseClass: NativeClass:/Script/Engine.StaticMeshActor Name:StaticMeshActor_UAID_004E0199CE0D77DF01_1204862650 Label:Cylinder8 SpatiallyLoaded:1 Bounds:IsValid=true, Min=(X=859.226 Y=-1176.252 Z=69.066), Max=(X=972.513 Y=-1062.482 Z=281.678) RuntimeGrid:None EditorOnly:0 RuntimeOnly:0 HLODRelevant:0
 |- ContainerInstances:
 |- [+] MainContainer:
 |   |-        ID: 0x0000000000000000
 |   |-    Bounds: IsValid=false, Min=(X=0.000 Y=0.000 Z=0.000), Max=(X=0.000 Y=0.000 Z=0.000)
 |   |- Transform: 0.000000,0.000000,0.000000|0.000000,0.000000,-0.000000|1.000000,1.000000,1.000000
 |   |- Container: /Game/FirstPerson/Maps/FirstPersonMap
----------------------------------------------------------------------------------------------------------------
FirstPersonMap - Persistent Level
----------------------------------------------------------------------------------------------------------------
Always loaded Actor Count: 123 

----------------------------------------------------------------------------------------------------------------
FirstPersonMap - Runtime Spatial Hash - Streaming Grid - MainGrid
----------------------------------------------------------------------------------------------------------------
            Origin: X=0.000 Y=0.000 Z=0.000
         Cell Size: 12800
      World Bounds: IsValid=false, Min=(X=0.000 Y=0.000 Z=0.000), Max=(X=0.000 Y=0.000 Z=0.000)
     Loading Range: 25600.00
Block Slow Loading: No
 ClientOnlyVisible: No

[+] Grid Levels: 1
 |- Level  0: Cell Count    0 | Cell Size   12800 | Actor Count    0 (0.0%)

[+] Content of Grid Level 0

